[30-Mar-2020 10:24:26] NOTICE: fpm is running, pid 1567
[30-Mar-2020 10:24:26] NOTICE: ready to handle connections
[30-Mar-2020 10:35:34] NOTICE: Terminating ...
[30-Mar-2020 10:35:34] NOTICE: Terminating ...
[30-Mar-2020 10:35:34] NOTICE: exiting, bye-bye!
[30-Mar-2020 10:36:00] NOTICE: fpm is running, pid 1840
[30-Mar-2020 10:36:00] NOTICE: ready to handle connections
[30-Mar-2020 10:36:06] NOTICE: Terminating ...
[30-Mar-2020 10:36:06] NOTICE: Terminating ...
[30-Mar-2020 10:36:06] NOTICE: exiting, bye-bye!
[30-Mar-2020 10:46:06] NOTICE: fpm is running, pid 1932
[30-Mar-2020 10:46:06] NOTICE: ready to handle connections
[30-Mar-2020 23:49:04] NOTICE: Terminating ...
[30-Mar-2020 23:49:04] NOTICE: Terminating ...
[30-Mar-2020 23:49:04] NOTICE: exiting, bye-bye!
[31-Mar-2020 10:23:40] NOTICE: fpm is running, pid 1371
[31-Mar-2020 10:23:40] NOTICE: ready to handle connections
[01-Apr-2020 02:02:15] NOTICE: Terminating ...
[01-Apr-2020 02:02:15] NOTICE: Terminating ...
[01-Apr-2020 02:02:15] NOTICE: exiting, bye-bye!
[01-Apr-2020 11:53:26] NOTICE: fpm is running, pid 1289
[01-Apr-2020 11:53:26] NOTICE: ready to handle connections
[01-Apr-2020 23:40:50] NOTICE: Terminating ...
[01-Apr-2020 23:40:50] NOTICE: Terminating ...
[01-Apr-2020 23:40:50] NOTICE: exiting, bye-bye!
[02-Apr-2020 10:25:40] NOTICE: fpm is running, pid 1110
[02-Apr-2020 10:25:40] NOTICE: ready to handle connections
